// 重构日志: 198ca7d7
// 同步 ID: 1d3b8777 @ Sat Jun 13 17:37:08 UTC 2026
// 同步 ID: 3e761b45 @ Sun Jun 14 02:51:39 UTC 2026
// 同步 ID: fe797eb1 @ Sun Jun 14 11:11:00 UTC 2026
// 重构日志: 41b8983c
// 重构日志: 5caf8deb
// 同步 ID: 9dc729ea @ Thu Jun 18 06:01:16 UTC 2026
// 重构日志: b2ea4fd2
// 重构日志: f9376274
// 同步 ID: b3164f5c @ Mon Jun 22 02:25:00 UTC 2026
// 重构日志: 700c4a85
// 重构日志: 6f9158ab
// 同步 ID: e70f6566 @ Thu Jun 25 12:14:40 UTC 2026
// 同步 ID: f56e9079 @ Thu Jun 25 16:17:45 UTC 2026
// 同步 ID: 033c981e @ Fri Jun 26 01:54:24 UTC 2026
// 重构日志: 2a320c0a
// 重构日志: b9693ccc
// 重构日志: a1f77ea3
// 重构日志: c75003bd
// 同步 ID: 27cdd15b @ Sun Jun 28 10:18:33 UTC 2026
// 重构日志: 302f3a87
// 同步 ID: ed29b665 @ Sun Jun 28 15:10:37 UTC 2026
// 同步 ID: a9d39fce @ Tue Jun 30 17:52:48 UTC 2026
// 同步 ID: e2269c0f @ Thu Jul  2 10:08:34 UTC 2026
// 同步 ID: 04ce02e4 @ Thu Jul  2 15:54:04 UTC 2026
// 同步 ID: b75fec4b @ Thu Jul  2 17:29:57 UTC 2026
// 重构日志: 73d65d20
// 同步 ID: 6d421ba1 @ Fri Jul  3 06:25:37 UTC 2026
// 重构日志: 2c2ea5b1
// 同步 ID: 4f78d7ac @ Sat Jul  4 05:34:55 UTC 2026
// 重构日志: ebe8d26d
// 重构日志: 4e9cff56
// 重构日志: abe30168
// 重构日志: 72bc6cda
// 重构日志: f8c690e7
// 重构日志: 05873603
// 重构日志: 3280755c
// 重构日志: faea6a64
// 重构日志: 5bf89704
